  MyForm.cpp
c:\users\minhhoang\source\repos\clr_pic\clr_pic\myform.h(418): warning C4244: 'initializing': conversion from 'double' to 'float', possible loss of data
c:\users\minhhoang\source\repos\clr_pic\clr_pic\myform.h(483): warning C4244: 'initializing': conversion from 'const _Ty' to 'float', possible loss of data
          with
          [
              _Ty=double
          ]
c:\users\minhhoang\source\repos\clr_pic\clr_pic\myform.h(484): warning C4244: 'initializing': conversion from 'const _Ty' to 'float', possible loss of data
          with
          [
              _Ty=double
          ]
c:\users\minhhoang\source\repos\clr_pic\clr_pic\myform.h(533): warning C4244: 'initializing': conversion from 'double' to 'float', possible loss of data
c:\users\minhhoang\source\repos\clr_pic\clr_pic\myform.h(544): warning C4244: 'argument': conversion from 'int' to '_Tp', possible loss of data
          with
          [
              _Tp=float
          ]
c:\users\minhhoang\source\repos\clr_pic\clr_pic\myform.h(545): warning C4244: 'argument': conversion from 'int' to '_Tp', possible loss of data
          with
          [
              _Tp=float
          ]
c:\users\minhhoang\source\repos\clr_pic\clr_pic\myform.h(546): warning C4244: 'argument': conversion from 'int' to '_Tp', possible loss of data
          with
          [
              _Tp=float
          ]
c:\users\minhhoang\source\repos\clr_pic\clr_pic\myform.cpp(7): warning C4551: function call missing argument list
d:\opencv\opencv\build\include\opencv2\core\mat.inl.hpp(530): warning C4793: 'cv::Mat::Mat': function compiled as native:
  	Found an intrinsic not supported in managed code
d:\opencv\opencv\build\include\opencv2\core\mat.inl.hpp(850): warning C4793: 'cv::Mat::release': function compiled as native:
  	Found an intrinsic not supported in managed code
d:\opencv\opencv\build\include\opencv2\core\mat.inl.hpp(2171): warning C4793: 'cv::SparseMat::addref': function compiled as native:
  	Found an intrinsic not supported in managed code
d:\opencv\opencv\build\include\opencv2\core\mat.inl.hpp(3771): warning C4793: 'cv::UMat::addref': function compiled as native:
  	Found an intrinsic not supported in managed code
  .NETFramework,Version=v4.6.1.AssemblyAttributes.cpp
  MyForm.obj : MSIL module encountered; incremental linking is disabled for MSIL; performing full link
  CLR_Pic.vcxproj -> C:\Users\MinhHoang\source\repos\CLR_Pic\x64\Debug\CLR_Pic.exe
